> Task :build-logic:checkKotlinGradlePluginConfigurationErrors SKIPPED
> Task :build-logic:generateExternalPluginSpecBuilders UP-TO-DATE
> Task :build-logic:extractPrecompiledScriptPluginPlugins UP-TO-DATE
> Task :build-logic:compilePluginsBlocks UP-TO-DATE
> Task :build-logic:generatePrecompiledScriptPluginAccessors UP-TO-DATE
> Task :build-logic:generateScriptPluginAdapters UP-TO-DATE
> Task :build-logic:compileKotlin UP-TO-DATE
> Task :build-logic:compileJava NO-SOURCE
> Task :build-logic:pluginDescriptors UP-TO-DATE
> Task :build-logic:processResources UP-TO-DATE
> Task :build-logic:classes UP-TO-DATE
> Task :build-logic:jar UP-TO-DATE
> Task :app:notes:preBuild UP-TO-DATE
> Task :app:notes:preDebugBuild UP-TO-DATE
> Task :app:notes:mergeDebugNativeDebugMetadata NO-SOURCE
> Task :app:notes:checkKotlinGradlePluginConfigurationErrors SKIPPED
> Task :core:format:preBuild UP-TO-DATE
> Task :core:format:preDebugBuild UP-TO-DATE
> Task :core:format:writeDebugAarMetadata UP-TO-DATE
> Task :core:ink:preBuild UP-TO-DATE
> Task :core:ink:preDebugBuild UP-TO-DATE
> Task :core:ink:writeDebugAarMetadata UP-TO-DATE
> Task :app:notes:checkDebugAarMetadata UP-TO-DATE
> Task :app:notes:generateDebugResValues UP-TO-DATE
> Task :core:format:generateDebugResValues UP-TO-DATE
> Task :core:format:generateDebugResources UP-TO-DATE
> Task :core:format:packageDebugResources UP-TO-DATE
> Task :core:ink:generateDebugResValues UP-TO-DATE
> Task :core:ink:generateDebugResources UP-TO-DATE
> Task :core:ink:packageDebugResources UP-TO-DATE
> Task :app:notes:mapDebugSourceSetPaths UP-TO-DATE
> Task :app:notes:generateDebugResources UP-TO-DATE
> Task :app:notes:mergeDebugResources UP-TO-DATE
> Task :app:notes:packageDebugResources UP-TO-DATE
> Task :app:notes:parseDebugLocalResources UP-TO-DATE
> Task :app:notes:createDebugCompatibleScreenManifests UP-TO-DATE
> Task :app:notes:extractDeepLinksDebug UP-TO-DATE
> Task :core:format:extractDeepLinksDebug UP-TO-DATE
> Task :core:format:processDebugManifest UP-TO-DATE
> Task :core:ink:extractDeepLinksDebug UP-TO-DATE
> Task :core:ink:processDebugManifest UP-TO-DATE
> Task :app:notes:processDebugMainManifest UP-TO-DATE
> Task :app:notes:processDebugManifest UP-TO-DATE
> Task :app:notes:processDebugManifestForPackage UP-TO-DATE
> Task :core:format:compileDebugLibraryResources UP-TO-DATE
> Task :core:format:parseDebugLocalResources UP-TO-DATE
> Task :core:format:generateDebugRFile UP-TO-DATE
> Task :core:ink:compileDebugLibraryResources UP-TO-DATE
> Task :core:ink:parseDebugLocalResources UP-TO-DATE
> Task :core:ink:generateDebugRFile UP-TO-DATE
> Task :app:notes:processDebugResources UP-TO-DATE
> Task :core:format:checkKotlinGradlePluginConfigurationErrors SKIPPED
> Task :core:format:generateDebugNotebookDatabaseInterface UP-TO-DATE
> Task :core:ink:checkKotlinGradlePluginConfigurationErrors SKIPPED
> Task :core:ink:compileDebugKotlin UP-TO-DATE
> Task :core:ink:javaPreCompileDebug UP-TO-DATE
> Task :core:ink:compileDebugJavaWithJavac NO-SOURCE
> Task :core:ink:bundleLibCompileToJarDebug UP-TO-DATE
> Task :core:format:compileDebugKotlin UP-TO-DATE
> Task :core:format:javaPreCompileDebug UP-TO-DATE
> Task :core:format:compileDebugJavaWithJavac NO-SOURCE
> Task :core:format:bundleLibCompileToJarDebug UP-TO-DATE
> Task :app:notes:compileDebugKotlin UP-TO-DATE
> Task :app:notes:javaPreCompileDebug UP-TO-DATE
> Task :app:notes:compileDebugJavaWithJavac NO-SOURCE
> Task :app:notes:mergeDebugShaders UP-TO-DATE
> Task :app:notes:compileDebugShaders NO-SOURCE
> Task :app:notes:generateDebugAssets UP-TO-DATE
> Task :core:format:mergeDebugShaders UP-TO-DATE
> Task :core:format:compileDebugShaders NO-SOURCE
> Task :core:format:generateDebugAssets UP-TO-DATE
> Task :core:format:packageDebugAssets UP-TO-DATE
> Task :core:ink:mergeDebugShaders UP-TO-DATE
> Task :core:ink:compileDebugShaders NO-SOURCE
> Task :core:ink:generateDebugAssets UP-TO-DATE
> Task :core:ink:packageDebugAssets UP-TO-DATE
> Task :app:notes:mergeDebugAssets UP-TO-DATE
> Task :app:notes:compressDebugAssets UP-TO-DATE
> Task :app:notes:processDebugJavaRes UP-TO-DATE
> Task :core:format:processDebugJavaRes UP-TO-DATE
> Task :core:ink:processDebugJavaRes UP-TO-DATE
> Task :app:notes:mergeDebugJavaResource UP-TO-DATE
> Task :app:notes:checkDebugDuplicateClasses UP-TO-DATE
> Task :app:notes:desugarDebugFileDependencies UP-TO-DATE
> Task :app:notes:mergeExtDexDebug UP-TO-DATE
> Task :core:format:bundleLibRuntimeToDirDebug UP-TO-DATE
> Task :core:ink:bundleLibRuntimeToDirDebug UP-TO-DATE
> Task :app:notes:dexBuilderDebug UP-TO-DATE
> Task :app:notes:mergeLibDexDebug UP-TO-DATE
> Task :app:notes:mergeProjectDexDebug UP-TO-DATE
> Task :app:notes:mergeDebugJniLibFolders UP-TO-DATE
> Task :core:format:mergeDebugJniLibFolders UP-TO-DATE
> Task :core:format:mergeDebugNativeLibs NO-SOURCE
> Task :core:format:copyDebugJniLibsProjectOnly UP-TO-DATE
> Task :core:ink:mergeDebugJniLibFolders UP-TO-DATE
> Task :core:ink:mergeDebugNativeLibs NO-SOURCE
> Task :core:ink:copyDebugJniLibsProjectOnly UP-TO-DATE
> Task :app:notes:mergeDebugNativeLibs NO-SOURCE
> Task :app:notes:stripDebugDebugSymbols NO-SOURCE
> Task :app:notes:validateSigningDebug UP-TO-DATE
> Task :app:notes:writeDebugAppMetadata UP-TO-DATE
> Task :app:notes:writeDebugSigningConfigVersions UP-TO-DATE
> Task :app:notes:packageDebug UP-TO-DATE
> Task :app:notes:createDebugApkListingFileRedirect UP-TO-DATE
> Task :app:notes:assembleDebug UP-TO-DATE
> Task :core:format:stripDebugDebugSymbols NO-SOURCE
> Task :core:format:copyDebugJniLibsProjectAndLocalJars UP-TO-DATE
> Task :core:format:extractDebugAnnotations UP-TO-DATE
> Task :core:format:extractDeepLinksForAarDebug UP-TO-DATE
> Task :core:format:mergeDebugGeneratedProguardFiles UP-TO-DATE
> Task :core:format:mergeDebugConsumerProguardFiles UP-TO-DATE
> Task :core:format:prepareDebugArtProfile UP-TO-DATE
> Task :core:format:prepareLintJarForPublish UP-TO-DATE
> Task :core:format:mergeDebugJavaResource UP-TO-DATE
> Task :core:format:syncDebugLibJars UP-TO-DATE
> Task :core:format:bundleDebugAar UP-TO-DATE
> Task :core:format:assembleDebug UP-TO-DATE
> Task :core:ink:stripDebugDebugSymbols NO-SOURCE
> Task :core:ink:copyDebugJniLibsProjectAndLocalJars UP-TO-DATE
> Task :core:ink:extractDebugAnnotations UP-TO-DATE
> Task :core:ink:extractDeepLinksForAarDebug UP-TO-DATE
> Task :core:ink:mergeDebugGeneratedProguardFiles UP-TO-DATE
> Task :core:ink:mergeDebugConsumerProguardFiles UP-TO-DATE
> Task :core:ink:prepareDebugArtProfile UP-TO-DATE
> Task :core:ink:prepareLintJarForPublish UP-TO-DATE
> Task :core:ink:mergeDebugJavaResource UP-TO-DATE
> Task :core:ink:syncDebugLibJars UP-TO-DATE
> Task :core:ink:bundleDebugAar
> Task :core:ink:assembleDebug

[Incubating] Problems report is available at: file:///home/jtd/ForestNote/build/reports/problems/problems-report.html

Deprecated Gradle features were used in this build, making it incompatible with Gradle 10.

You can use '--warning-mode all' to show the individual deprecation warnings and determine if they come from your own scripts or plugins.

For more on this, please refer to https://docs.gradle.org/9.1.0/userguide/command_line_interface.html#sec:command_line_warnings in the Gradle documentation.

BUILD SUCCESSFUL in 853ms
98 actionable tasks: 1 executed, 97 up-to-date
Consider enabling configuration cache to speed up this build: https://docs.gradle.org/9.1.0/userguide/configuration_cache_enabling.html
